# JRE version: OpenJDK Runtime Environment (8.0_242-b01) (build 1.8.0_242-release-1644-b01)
# Java VM: OpenJDK 64-Bit Server VM (25.242-b01 mixed mode windows-amd64 compressed oops)
Heap:
 PSYoungGen      total 323584K, used 177726K [0x00000000d5580000, 0x00000000ed580000, 0x0000000100000000)
  eden space 253952K, 55% used [0x00000000d5580000,0x00000000dddffd68,0x00000000e4d80000)
  from space 69632K, 54% used [0x00000000e4d80000,0x00000000e728fe20,0x00000000e9180000)
  to   space 69120K, 0% used [0x00000000e9200000,0x00000000e9200000,0x00000000ed580000)
 ParOldGen       total 227840K, used 68169K [0x0000000080000000, 0x000000008de80000, 0x00000000d5580000)
  object space 227840K, 29% used [0x0000000080000000,0x0000000084292560,0x000000008de80000)
 Metaspace       used 108795K, capacity 114262K, committed 114560K, reserved 1148928K
  class space    used 14017K, capacity 15051K, committed 15232K, reserved 1048576K
GC Heap History (10 events):
Event: 2129.066 GC heap before
{Heap before GC invocations=23 (full 3):
 PSYoungGen      total 240128K, used 240122K [0x00000000d5580000, 0x00000000eb900000, 0x0000000100000000)
  eden space 178176K, 100% used [0x00000000d5580000,0x00000000e0380000,0x00000000e0380000)
  from space 61952K, 99% used [0x00000000e0380000,0x00000000e3ffeba8,0x00000000e4000000)
  to   space 77824K, 0% used [0x00000000e6d00000,0x00000000e6d00000,0x00000000eb900000)
 ParOldGen       total 227840K, used 127555K [0x0000000080000000, 0x000000008de80000, 0x00000000d5580000)
  object space 227840K, 55% used [0x0000000080000000,0x0000000087c90f58,0x000000008de80000)
 Metaspace       used 93002K, capacity 98066K, committed 98432K, reserved 1134592K
  class space    used 12051K, capacity 13071K, committed 13184K, reserved 1048576K
Event: 2129.127 GC heap after
Heap after GC invocations=23 (full 3):
 PSYoungGen      total 288256K, used 38622K [0x00000000d5580000, 0x00000000ebe80000, 0x0000000100000000)
  eden space 210432K, 0% used [0x00000000d5580000,0x00000000d5580000,0x00000000e2300000)
  from space 77824K, 49% used [0x00000000e6d00000,0x00000000e92b7800,0x00000000eb900000)
  to   space 75776K, 0% used [0x00000000e2300000,0x00000000e2300000,0x00000000e6d00000)
 ParOldGen       total 227840K, used 159311K [0x0000000080000000, 0x000000008de80000, 0x00000000d5580000)
  object space 227840K, 69% used [0x0000000080000000,0x0000000089b93d58,0x000000008de80000)
 Metaspace       used 93002K, capacity 98066K, committed 98432K, reserved 1134592K
  class space    used 12051K, capacity 13071K, committed 13184K, reserved 1048576K
}
Event: 2135.486 GC heap before
{Heap before GC invocations=24 (full 3):
 PSYoungGen      total 288256K, used 148997K [0x00000000d5580000, 0x00000000ebe80000, 0x0000000100000000)
  eden space 210432K, 52% used [0x00000000d5580000,0x00000000dc149e78,0x00000000e2300000)
  from space 77824K, 49% used [0x00000000e6d00000,0x00000000e92b7800,0x00000000eb900000)
  to   space 75776K, 0% used [0x00000000e2300000,0x00000000e2300000,0x00000000e6d00000)
 ParOldGen       total 227840K, used 159311K [0x0000000080000000, 0x000000008de80000, 0x00000000d5580000)
  object space 227840K, 69% used [0x0000000080000000,0x0000000089b93d58,0x000000008de80000)
 Metaspace       used 93426K, capacity 98424K, committed 98496K, reserved 1134592K
  class space    used 12095K, capacity 13116K, committed 13184K, reserved 1048576K
Event: 2135.503 GC heap after
Heap after GC invocations=24 (full 3):
 PSYoungGen      total 286208K, used 29782K [0x00000000d5580000, 0x00000000ed800000, 0x0000000100000000)
  eden space 210432K, 0% used [0x00000000d5580000,0x00000000d5580000,0x00000000e2300000)
  from space 75776K, 39% used [0x00000000e2300000,0x00000000e4015a68,0x00000000e6d00000)
  to   space 71680K, 0% used [0x00000000e9200000,0x00000000e9200000,0x00000000ed800000)
 ParOldGen       total 227840K, used 170529K [0x0000000080000000, 0x000000008de80000, 0x00000000d5580000)
  object space 227840K, 74% used [0x0000000080000000,0x000000008a6884c8,0x000000008de80000)
 Metaspace       used 93426K, capacity 98424K, committed 98496K, reserved 1134592K
  class space    used 12095K, capacity 13116K, committed 13184K, reserved 1048576K
}
Event: 2135.503 GC heap before
{Heap before GC invocations=25 (full 4):
 PSYoungGen      total 286208K, used 29782K [0x00000000d5580000, 0x00000000ed800000, 0x0000000100000000)
  eden space 210432K, 0% used [0x00000000d5580000,0x00000000d5580000,0x00000000e2300000)
  from space 75776K, 39% used [0x00000000e2300000,0x00000000e4015a68,0x00000000e6d00000)
  to   space 71680K, 0% used [0x00000000e9200000,0x00000000e9200000,0x00000000ed800000)
 ParOldGen       total 227840K, used 170529K [0x0000000080000000, 0x000000008de80000, 0x00000000d5580000)
  object space 227840K, 74% used [0x0000000080000000,0x000000008a6884c8,0x000000008de80000)
 Metaspace       used 93426K, capacity 98424K, committed 98496K, reserved 1134592K
  class space    used 12095K, capacity 13116K, committed 13184K, reserved 1048576K
Event: 2135.711 GC heap after
Heap after GC invocations=25 (full 4):
 PSYoungGen      total 286208K, used 0K [0x00000000d5580000, 0x00000000ed800000, 0x0000000100000000)
  eden space 210432K, 0% used [0x00000000d5580000,0x00000000d5580000,0x00000000e2300000)
  from space 75776K, 0% used [0x00000000e2300000,0x00000000e2300000,0x00000000e6d00000)
  to   space 71680K, 0% used [0x00000000e9200000,0x00000000e9200000,0x00000000ed800000)
 ParOldGen       total 227840K, used 68153K [0x0000000080000000, 0x000000008de80000, 0x00000000d5580000)
  object space 227840K, 29% used [0x0000000080000000,0x000000008428e560,0x000000008de80000)
 Metaspace       used 92490K, capacity 96462K, committed 98496K, reserved 1134592K
  class space    used 11885K, capacity 12694K, committed 13184K, reserved 1048576K
}
Event: 2139.696 GC heap before
{Heap before GC invocations=26 (full 4):
 PSYoungGen      total 286208K, used 210432K [0x00000000d5580000, 0x00000000ed800000, 0x0000000100000000)
  eden space 210432K, 100% used [0x00000000d5580000,0x00000000e2300000,0x00000000e2300000)
  from space 75776K, 0% used [0x00000000e2300000,0x00000000e2300000,0x00000000e6d00000)
  to   space 71680K, 0% used [0x00000000e9200000,0x00000000e9200000,0x00000000ed800000)
 ParOldGen       total 227840K, used 68153K [0x0000000080000000, 0x000000008de80000, 0x00000000d5580000)
  object space 227840K, 29% used [0x0000000080000000,0x000000008428e560,0x000000008de80000)
 Metaspace       used 98066K, capacity 102274K, committed 103552K, reserved 1138688K
  class space    used 12553K, capacity 13419K, committed 13696K, reserved 1048576K
Event: 2139.718 GC heap after
Heap after GC invocations=26 (full 4):
 PSYoungGen      total 323072K, used 22529K [0x00000000d5580000, 0x00000000ed580000, 0x0000000100000000)
  eden space 253952K, 0% used [0x00000000d5580000,0x00000000d5580000,0x00000000e4d80000)
  from space 69120K, 32% used [0x00000000e9200000,0x00000000ea800488,0x00000000ed580000)
  to   space 69632K, 0% used [0x00000000e4d80000,0x00000000e4d80000,0x00000000e9180000)
 ParOldGen       total 227840K, used 68161K [0x0000000080000000, 0x000000008de80000, 0x00000000d5580000)
  object space 227840K, 29% used [0x0000000080000000,0x0000000084290560,0x000000008de80000)
 Metaspace       used 98066K, capacity 102274K, committed 103552K, reserved 1138688K
  class space    used 12553K, capacity 13419K, committed 13696K, reserved 1048576K
}
Event: 2142.690 GC heap before
{Heap before GC invocations=27 (full 4):
 PSYoungGen      total 323072K, used 276481K [0x00000000d5580000, 0x00000000ed580000, 0x0000000100000000)
  eden space 253952K, 100% used [0x00000000d5580000,0x00000000e4d80000,0x00000000e4d80000)
  from space 69120K, 32% used [0x00000000e9200000,0x00000000ea800488,0x00000000ed580000)
  to   space 69632K, 0% used [0x00000000e4d80000,0x00000000e4d80000,0x00000000e9180000)
 ParOldGen       total 227840K, used 68161K [0x0000000080000000, 0x000000008de80000, 0x00000000d5580000)
  object space 227840K, 29% used [0x0000000080000000,0x0000000084290560,0x000000008de80000)
 Metaspace       used 108194K, capacity 113684K, committed 114048K, reserved 1148928K
  class space    used 13958K, capacity 15002K, committed 15232K, reserved 1048576K
Event: 2142.731 GC heap after
Heap after GC invocations=27 (full 4):
 PSYoungGen      total 323584K, used 37951K [0x00000000d5580000, 0x00000000ed580000, 0x0000000100000000)
  eden space 253952K, 0% used [0x00000000d5580000,0x00000000d5580000,0x00000000e4d80000)
  from space 69632K, 54% used [0x00000000e4d80000,0x00000000e728fe20,0x00000000e9180000)
  to   space 69120K, 0% used [0x00000000e9200000,0x00000000e9200000,0x00000000ed580000)
 ParOldGen       total 227840K, used 68169K [0x0000000080000000, 0x000000008de80000, 0x00000000d5580000)
  object space 227840K, 29% used [0x0000000080000000,0x0000000084292560,0x000000008de80000)
 Metaspace       used 108194K, capacity 113684K, committed 114048K, reserved 1148928K
  class space    used 13958K, capacity 15002K, committed 15232K, reserved 1048576K
}

